[0.480s] Invoking command in '/home/hirose/ros2_ws/my_package': PYTHONPATH=/home/hirose/ros2_ws/build/my_package/prefix_override:/usr/lib/python3/dist-packages/colcon_core/task/python/colcon_distutils_commands:/home/hirose/ros2_ws/install/my_package/lib/python3.8/site-packages:${PYTHONPATH} /usr/bin/python3 -W ignore:setup.py install is deprecated setup.py egg_info --egg-base ../build/my_package build --build-base /home/hirose/ros2_ws/build/my_package/build install --record /home/hirose/ros2_ws/build/my_package/install.log --install-scripts $base/lib/my_package --single-version-externally-managed install_data
[0.590s] running egg_info
[0.591s] writing ../build/my_package/my_package.egg-info/PKG-INFO
[0.591s] writing dependency_links to ../build/my_package/my_package.egg-info/dependency_links.txt
[0.591s] writing entry points to ../build/my_package/my_package.egg-info/entry_points.txt
[0.591s] writing requirements to ../build/my_package/my_package.egg-info/requires.txt
[0.591s] writing top-level names to ../build/my_package/my_package.egg-info/top_level.txt
[0.612s] reading manifest file '../build/my_package/my_package.egg-info/SOURCES.txt'
[0.612s] writing manifest file '../build/my_package/my_package.egg-info/SOURCES.txt'
[0.612s] running build
[0.612s] running build_py
[0.614s] running install
[0.614s] running install_lib
[0.614s] running install_data
[0.614s] running install_egg_info
[0.615s] removing '/home/hirose/ros2_ws/install/my_package/lib/python3.8/site-packages/my_package-0.0.0-py3.8.egg-info' (and everything under it)
[0.615s] Copying ../build/my_package/my_package.egg-info to /home/hirose/ros2_ws/install/my_package/lib/python3.8/site-packages/my_package-0.0.0-py3.8.egg-info
[0.615s] running install_scripts
[0.627s] writing list of installed files to '/home/hirose/ros2_ws/build/my_package/install.log'
[0.642s] Invoked command in '/home/hirose/ros2_ws/my_package' returned '0': PYTHONPATH=/home/hirose/ros2_ws/build/my_package/prefix_override:/usr/lib/python3/dist-packages/colcon_core/task/python/colcon_distutils_commands:/home/hirose/ros2_ws/install/my_package/lib/python3.8/site-packages:${PYTHONPATH} /usr/bin/python3 -W ignore:setup.py install is deprecated setup.py egg_info --egg-base ../build/my_package build --build-base /home/hirose/ros2_ws/build/my_package/build install --record /home/hirose/ros2_ws/build/my_package/install.log --install-scripts $base/lib/my_package --single-version-externally-managed install_data
