[0.337s] Invoking command in '/home/hirose/ros2_ws/my_package': PYTHONPATH=/home/hirose/ros2_ws/build/my_package/prefix_override:/usr/lib/python3/dist-packages/colcon_core/task/python/colcon_distutils_commands:/home/hirose/ros2_ws/install/my_package/lib/python3.8/site-packages:${PYTHONPATH} /usr/bin/python3 -W ignore:setup.py install is deprecated setup.py egg_info --egg-base ../build/my_package build --build-base /home/hirose/ros2_ws/build/my_package/build install --record /home/hirose/ros2_ws/build/my_package/install.log --install-scripts $base/lib/my_package --single-version-externally-managed install_data
[0.443s] running egg_info
[0.443s] creating ../build/my_package/my_package.egg-info
[0.443s] writing ../build/my_package/my_package.egg-info/PKG-INFO
[0.444s] writing dependency_links to ../build/my_package/my_package.egg-info/dependency_links.txt
[0.444s] writing entry points to ../build/my_package/my_package.egg-info/entry_points.txt
[0.444s] writing requirements to ../build/my_package/my_package.egg-info/requires.txt
[0.444s] writing top-level names to ../build/my_package/my_package.egg-info/top_level.txt
[0.444s] writing manifest file '../build/my_package/my_package.egg-info/SOURCES.txt'
[0.464s] reading manifest file '../build/my_package/my_package.egg-info/SOURCES.txt'
[0.465s] writing manifest file '../build/my_package/my_package.egg-info/SOURCES.txt'
[0.465s] running build
[0.465s] running build_py
[0.465s] creating /home/hirose/ros2_ws/build/my_package/build
[0.465s] creating /home/hirose/ros2_ws/build/my_package/build/lib
[0.466s] creating /home/hirose/ros2_ws/build/my_package/build/lib/my_package
[0.466s] copying my_package/__init__.py -> /home/hirose/ros2_ws/build/my_package/build/lib/my_package
[0.466s] running install
[0.466s] running install_lib
[0.467s] creating /home/hirose/ros2_ws/install/my_package/lib/python3.8/site-packages/my_package
[0.467s] copying /home/hirose/ros2_ws/build/my_package/build/lib/my_package/__init__.py -> /home/hirose/ros2_ws/install/my_package/lib/python3.8/site-packages/my_package
[0.467s] byte-compiling /home/hirose/ros2_ws/install/my_package/lib/python3.8/site-packages/my_package/__init__.py to __init__.cpython-38.pyc
[0.468s] running install_data
[0.468s] creating /home/hirose/ros2_ws/install/my_package/share/ament_index
[0.468s] creating /home/hirose/ros2_ws/install/my_package/share/ament_index/resource_index
[0.468s] creating /home/hirose/ros2_ws/install/my_package/share/ament_index/resource_index/packages
[0.469s] copying resource/my_package -> /home/hirose/ros2_ws/install/my_package/share/ament_index/resource_index/packages
[0.469s] copying package.xml -> /home/hirose/ros2_ws/install/my_package/share/my_package
[0.469s] running install_egg_info
[0.470s] Copying ../build/my_package/my_package.egg-info to /home/hirose/ros2_ws/install/my_package/lib/python3.8/site-packages/my_package-0.0.0-py3.8.egg-info
[0.470s] running install_scripts
[0.481s] writing list of installed files to '/home/hirose/ros2_ws/build/my_package/install.log'
[0.494s] Invoked command in '/home/hirose/ros2_ws/my_package' returned '0': PYTHONPATH=/home/hirose/ros2_ws/build/my_package/prefix_override:/usr/lib/python3/dist-packages/colcon_core/task/python/colcon_distutils_commands:/home/hirose/ros2_ws/install/my_package/lib/python3.8/site-packages:${PYTHONPATH} /usr/bin/python3 -W ignore:setup.py install is deprecated setup.py egg_info --egg-base ../build/my_package build --build-base /home/hirose/ros2_ws/build/my_package/build install --record /home/hirose/ros2_ws/build/my_package/install.log --install-scripts $base/lib/my_package --single-version-externally-managed install_data
