running egg_info
creating ../../build/mypkg/mypkg.egg-info
writing ../../build/mypkg/mypkg.egg-info/PKG-INFO
writing dependency_links to ../../build/mypkg/mypkg.egg-info/dependency_links.txt
writing entry points to ../../build/mypkg/mypkg.egg-info/entry_points.txt
writing requirements to ../../build/mypkg/mypkg.egg-info/requires.txt
writing top-level names to ../../build/mypkg/mypkg.egg-info/top_level.txt
writing manifest file '../../build/mypkg/mypkg.egg-info/SOURCES.txt'
reading manifest file '../../build/mypkg/mypkg.egg-info/SOURCES.txt'
writing manifest file '../../build/mypkg/mypkg.egg-info/SOURCES.txt'
running build
running build_py
creating /home/hirose/ros2_ws/build/mypkg/build
creating /home/hirose/ros2_ws/build/mypkg/build/lib
creating /home/hirose/ros2_ws/build/mypkg/build/lib/mypkg
copying mypkg/datetime_publisher.py -> /home/hirose/ros2_ws/build/mypkg/build/lib/mypkg
copying mypkg/__init__.py -> /home/hirose/ros2_ws/build/mypkg/build/lib/mypkg
running install
running install_lib
creating /home/hirose/ros2_ws/install/mypkg/lib/python3.8/site-packages/mypkg
copying /home/hirose/ros2_ws/build/mypkg/build/lib/mypkg/datetime_publisher.py -> /home/hirose/ros2_ws/install/mypkg/lib/python3.8/site-packages/mypkg
copying /home/hirose/ros2_ws/build/mypkg/build/lib/mypkg/__init__.py -> /home/hirose/ros2_ws/install/mypkg/lib/python3.8/site-packages/mypkg
byte-compiling /home/hirose/ros2_ws/install/mypkg/lib/python3.8/site-packages/mypkg/datetime_publisher.py to datetime_publisher.cpython-38.pyc
byte-compiling /home/hirose/ros2_ws/install/mypkg/lib/python3.8/site-packages/mypkg/__init__.py to __init__.cpython-38.pyc
running install_data
creating /home/hirose/ros2_ws/install/mypkg/share/ament_index
creating /home/hirose/ros2_ws/install/mypkg/share/ament_index/resource_index
creating /home/hirose/ros2_ws/install/mypkg/share/ament_index/resource_index/packages
copying resource/mypkg -> /home/hirose/ros2_ws/install/mypkg/share/ament_index/resource_index/packages
copying package.xml -> /home/hirose/ros2_ws/install/mypkg/share/mypkg
running install_egg_info
Copying ../../build/mypkg/mypkg.egg-info to /home/hirose/ros2_ws/install/mypkg/lib/python3.8/site-packages/mypkg-0.0.0-py3.8.egg-info
running install_scripts
Installing datetime_publisher script to /home/hirose/ros2_ws/install/mypkg/lib/mypkg
writing list of installed files to '/home/hirose/ros2_ws/build/mypkg/install.log'
