[0.468s] Invoking command in '/home/hirose/ros2_ws/src/mypkg': PYTHONPATH=/home/hirose/ros2_ws/build/mypkg/prefix_override:/usr/lib/python3/dist-packages/colcon_core/task/python/colcon_distutils_commands:/home/hirose/ros2_ws/install/mypkg/lib/python3.8/site-packages:${PYTHONPATH} /usr/bin/python3 -W ignore:setup.py install is deprecated setup.py egg_info --egg-base ../../build/mypkg build --build-base /home/hirose/ros2_ws/build/mypkg/build install --record /home/hirose/ros2_ws/build/mypkg/install.log --install-scripts $base/lib/mypkg --single-version-externally-managed install_data
[0.581s] running egg_info
[0.581s] creating ../../build/mypkg/mypkg.egg-info
[0.582s] writing ../../build/mypkg/mypkg.egg-info/PKG-INFO
[0.582s] writing dependency_links to ../../build/mypkg/mypkg.egg-info/dependency_links.txt
[0.582s] writing entry points to ../../build/mypkg/mypkg.egg-info/entry_points.txt
[0.582s] writing requirements to ../../build/mypkg/mypkg.egg-info/requires.txt
[0.582s] writing top-level names to ../../build/mypkg/mypkg.egg-info/top_level.txt
[0.583s] writing manifest file '../../build/mypkg/mypkg.egg-info/SOURCES.txt'
[0.603s] reading manifest file '../../build/mypkg/mypkg.egg-info/SOURCES.txt'
[0.604s] writing manifest file '../../build/mypkg/mypkg.egg-info/SOURCES.txt'
[0.604s] running build
[0.604s] running build_py
[0.604s] creating /home/hirose/ros2_ws/build/mypkg/build
[0.604s] creating /home/hirose/ros2_ws/build/mypkg/build/lib
[0.605s] creating /home/hirose/ros2_ws/build/mypkg/build/lib/mypkg
[0.605s] copying mypkg/datetime_publisher.py -> /home/hirose/ros2_ws/build/mypkg/build/lib/mypkg
[0.605s] copying mypkg/__init__.py -> /home/hirose/ros2_ws/build/mypkg/build/lib/mypkg
[0.606s] running install
[0.606s] running install_lib
[0.607s] creating /home/hirose/ros2_ws/install/mypkg/lib/python3.8/site-packages/mypkg
[0.607s] copying /home/hirose/ros2_ws/build/mypkg/build/lib/mypkg/datetime_publisher.py -> /home/hirose/ros2_ws/install/mypkg/lib/python3.8/site-packages/mypkg
[0.607s] copying /home/hirose/ros2_ws/build/mypkg/build/lib/mypkg/__init__.py -> /home/hirose/ros2_ws/install/mypkg/lib/python3.8/site-packages/mypkg
[0.607s] byte-compiling /home/hirose/ros2_ws/install/mypkg/lib/python3.8/site-packages/mypkg/datetime_publisher.py to datetime_publisher.cpython-38.pyc
[0.608s] byte-compiling /home/hirose/ros2_ws/install/mypkg/lib/python3.8/site-packages/mypkg/__init__.py to __init__.cpython-38.pyc
[0.608s] running install_data
[0.609s] creating /home/hirose/ros2_ws/install/mypkg/share/ament_index
[0.609s] creating /home/hirose/ros2_ws/install/mypkg/share/ament_index/resource_index
[0.609s] creating /home/hirose/ros2_ws/install/mypkg/share/ament_index/resource_index/packages
[0.609s] copying resource/mypkg -> /home/hirose/ros2_ws/install/mypkg/share/ament_index/resource_index/packages
[0.609s] copying package.xml -> /home/hirose/ros2_ws/install/mypkg/share/mypkg
[0.609s] running install_egg_info
[0.610s] Copying ../../build/mypkg/mypkg.egg-info to /home/hirose/ros2_ws/install/mypkg/lib/python3.8/site-packages/mypkg-0.0.0-py3.8.egg-info
[0.610s] running install_scripts
[0.621s] Installing datetime_publisher script to /home/hirose/ros2_ws/install/mypkg/lib/mypkg
[0.621s] writing list of installed files to '/home/hirose/ros2_ws/build/mypkg/install.log'
[0.642s] Invoked command in '/home/hirose/ros2_ws/src/mypkg' returned '0': PYTHONPATH=/home/hirose/ros2_ws/build/mypkg/prefix_override:/usr/lib/python3/dist-packages/colcon_core/task/python/colcon_distutils_commands:/home/hirose/ros2_ws/install/mypkg/lib/python3.8/site-packages:${PYTHONPATH} /usr/bin/python3 -W ignore:setup.py install is deprecated setup.py egg_info --egg-base ../../build/mypkg build --build-base /home/hirose/ros2_ws/build/mypkg/build install --record /home/hirose/ros2_ws/build/mypkg/install.log --install-scripts $base/lib/mypkg --single-version-externally-managed install_data
